<?xml version="1.0" encoding="UTF-8"?>
<testsuite xmlns:xsi="http://www.w3.org/2001/XMLSchema-instance" xsi:noNamespaceSchemaLocation="https://maven.apache.org/surefire/maven-surefire-plugin/xsd/surefire-test-report.xsd" name="com.ontariotechu.sofe3980U.BinaryTest" time="0.007" tests="20" errors="0" skipped="0" failures="0">
  <properties>
    <property name="sun.desktop" value="windows"/>
    <property name="awt.toolkit" value="sun.awt.windows.WToolkit"/>
    <property name="file.encoding.pkg" value="sun.io"/>
    <property name="jdk.extensions.version" value="18.0.1.1"/>
    <property name="java.specification.version" value="18"/>
    <property name="sun.jnu.encoding" value="Cp1252"/>
    <property name="java.class.path" value="C:\Users\User\Desktop\SoftwareQuality\Lab1_100780926\Lab1\BinaryCalculator\target\test-classes;C:\Users\User\Desktop\SoftwareQuality\Lab1_100780926\Lab1\BinaryCalculator\target\classes;C:\Users\User\.m2\repository\junit\junit\4.11\junit-4.11.jar;C:\Users\User\.m2\repository\org\hamcrest\hamcrest-core\1.3\hamcrest-core-1.3.jar;C:\Users\User\.m2\repository\joda-time\joda-time\2.9.2\joda-time-2.9.2.jar;"/>
    <property name="java.vm.vendor" value="Eclipse OpenJ9"/>
    <property name="sun.arch.data.model" value="64"/>
    <property name="com.ibm.vm.bitmode" value="64"/>
    <property name="user.variant" value=""/>
    <property name="com.ibm.oti.vm.library.version" value="29"/>
    <property name="java.vendor.url" value="https://www.ibm.com/semeru-runtimes"/>
    <property name="user.timezone" value="America/Toronto"/>
    <property name="os.name" value="Windows 10"/>
    <property name="java.vm.specification.version" value="18"/>
    <property name="user.country" value="CA"/>
    <property name="sun.java.launcher" value="SUN_STANDARD"/>
    <property name="sun.boot.library.path" value="C:\Program Files\Semeru\jdk-18.0.1.102-openj9\bin\default;C:\Program Files\Semeru\jdk-18.0.1.102-openj9\bin"/>
    <property name="sun.java.command" value="C:\Users\User\AppData\Local\Temp\surefire5080055070982668255\surefirebooter16002750738107816121.jar C:\Users\User\AppData\Local\Temp\surefire5080055070982668255 2025-01-21T14-40-03_877-jvmRun1 surefire6311099861465350464tmp surefire_013581614455427123352tmp"/>
    <property name="surefire.test.class.path" value="C:\Users\User\Desktop\SoftwareQuality\Lab1_100780926\Lab1\BinaryCalculator\target\test-classes;C:\Users\User\Desktop\SoftwareQuality\Lab1_100780926\Lab1\BinaryCalculator\target\classes;C:\Users\User\.m2\repository\junit\junit\4.11\junit-4.11.jar;C:\Users\User\.m2\repository\org\hamcrest\hamcrest-core\1.3\hamcrest-core-1.3.jar;C:\Users\User\.m2\repository\joda-time\joda-time\2.9.2\joda-time-2.9.2.jar;"/>
    <property name="sun.cpu.endian" value="little"/>
    <property name="user.home" value="C:\Users\User"/>
    <property name="user.language" value="en"/>
    <property name="java.specification.vendor" value="Oracle Corporation"/>
    <property name="java.version.date" value="2022-04-22"/>
    <property name="java.home" value="C:\Program Files\Semeru\jdk-18.0.1.102-openj9"/>
    <property name="ibm.signalhandling.rs" value="false"/>
    <property name="openjdk.methodhandles" value="true"/>
    <property name="file.separator" value="\"/>
    <property name="jdk.extensions.name" value="Extensions for OpenJDK for Eclipse OpenJ9"/>
    <property name="basedir" value="C:\Users\User\Desktop\SoftwareQuality\Lab1_100780926\Lab1\BinaryCalculator"/>
    <property name="line.separator" value="&#10;"/>
    <property name="java.specification.name" value="Java Platform API Specification"/>
    <property name="java.vm.specification.vendor" value="Oracle Corporation"/>
    <property name="java.compiler" value="j9jit29"/>
    <property name="com.ibm.util.extralibs.properties" value=""/>
    <property name="java.awt.graphicsenv" value="sun.awt.Win32GraphicsEnvironment"/>
    <property name="com.ibm.oti.configuration" value="scar"/>
    <property name="java.awt.fonts" value=""/>
    <property name="surefire.real.class.path" value="C:\Users\User\AppData\Local\Temp\surefire5080055070982668255\surefirebooter16002750738107816121.jar"/>
    <property name="com.ibm.oti.shared.enabled" value="false"/>
    <property name="jdk.boot.class.path.append" value=""/>
    <property name="com.ibm.oti.vm.bootstrap.library.path" value="C:\Program Files\Semeru\jdk-18.0.1.102-openj9\bin\default;C:\Program Files\Semeru\jdk-18.0.1.102-openj9\bin"/>
    <property name="com.ibm.cpu.endian" value="little"/>
    <property name="java.fullversion" value="18.0.1.1+2&#10;JRE 18 Windows 10 amd64-64-Bit Compressed References 20220509_69 (JIT enabled, AOT enabled)&#10;OpenJ9   - 9a84ec34e&#10;OMR      - ab24b6666&#10;JCL      - 8d05779b116 based on jdk-18.0.1.1+2"/>
    <property name="java.runtime.version" value="18.0.1.1+2"/>
    <property name="user.name" value="User"/>
    <property name="path.separator" value=";"/>
    <property name="os.version" value="10.0"/>
    <property name="java.runtime.name" value="IBM Semeru Runtime Open Edition"/>
    <property name="ibm.signalhandling.sigint" value="true"/>
    <property name="file.encoding" value="UTF-8"/>
    <property name="java.vm.name" value="Eclipse OpenJ9 VM"/>
    <property name="java.vendor.version" value="18.0.1.1"/>
    <property name="ibm.signalhandling.sigchain" value="true"/>
    <property name="localRepository" value="C:\Users\User\.m2\repository"/>
    <property name="java.vendor.url.bug" value="https://github.com/ibmruntimes/Semeru-Runtimes/issues"/>
    <property name="java.io.tmpdir" value="C:\Users\User\AppData\Local\Temp\"/>
    <property name="java.version" value="18.0.1.1"/>
    <property name="com.ibm.system.agent.path" value="C:\Program Files\Semeru\jdk-18.0.1.102-openj9\bin"/>
    <property name="user.dir" value="C:\Users\User\Desktop\SoftwareQuality\Lab1_100780926\Lab1\BinaryCalculator"/>
    <property name="os.arch" value="amd64"/>
    <property name="java.vm.specification.name" value="Java Virtual Machine Specification"/>
    <property name="java.awt.printerjob" value="sun.awt.windows.WPrinterJob"/>
    <property name="sun.nio.PageAlignDirectMemory" value="false"/>
    <property name="os.encoding" value="UTF-8"/>
    <property name="native.encoding" value="Cp1252"/>
    <property name="java.library.path" value="C:\Program Files\Semeru\jdk-18.0.1.102-openj9\bin\default;C:\Program Files\Semeru\jdk-18.0.1.102-openj9\bin;C:\Windows\system32;C:\Windows;C:\Program Files\Python38\Scripts\;C:\Program Files\Python38\;C:\Program Files\Semeru\jdk-18.0.1.102-openj9\bin;C:\Windows\system32;C:\Windows;C:\Windows\System32\Wbem;C:\Windows\System32\WindowsPowerShell\v1.0\;C:\Windows\System32\OpenSSH\;c:\Xilinx\bin\nt;C:\Program Files\NVIDIA Corporation\NVIDIA NvDLISR;C:\Program Files\Git\cmd;C:\Program Files\nodejs\;C:\Program Files\sqlLite;C:\php-8.3.13;C:\Program Files (x86)\Windows Kits\10\Windows Performance Toolkit\;C:\Users\User\Desktop\SoftwareQuality\Lab1_100780926\Lab1\apache-maven-3.9.9\bin;C:\Users\User\AppData\Local\Microsoft\WindowsApps;C:\ProgramData\User\GitHubDesktop\bin;C:\Users\User\AppData\Local\GitHubDesktop\bin;C:\Users\User\AppData\Local\Programs\Microsoft VS Code\bin;C:\Users\User\AppData\Roaming\npm;C:\Users\User\Desktop\SoftwareQuality\Lab1_100780926\Lab1\apache-maven-3.9.9\bin;;."/>
    <property name="java.vendor" value="IBM Corporation"/>
    <property name="java.vm.info" value="JRE 18 Windows 10 amd64-64-Bit Compressed References 20220509_69 (JIT enabled, AOT enabled)&#10;OpenJ9   - 9a84ec34e&#10;OMR      - ab24b6666&#10;JCL      - 8d05779b116 based on jdk-18.0.1.1+2"/>
    <property name="sun.nio.MaxDirectMemorySize" value="-1"/>
    <property name="java.vm.version" value="openj9-0.32.0"/>
    <property name="com.ibm.jcl.checkClassPath" value=""/>
    <property name="ibm.system.encoding" value="Cp1252"/>
    <property name="java.lang.invoke.VarHandle.VAR_HANDLE_GUARDS" value="false"/>
    <property name="sun.io.unicode.encoding" value="UnicodeLittle"/>
    <property name="java.class.version" value="62.0"/>
  </properties>
  <testcase name="constructorWithInvalidDigits" classname="com.ontariotechu.sofe3980U.BinaryTest" time="0"/>
  <testcase name="multiply2" classname="com.ontariotechu.sofe3980U.BinaryTest" time="0"/>
  <testcase name="multiply3" classname="com.ontariotechu.sofe3980U.BinaryTest" time="0"/>
  <testcase name="OR1" classname="com.ontariotechu.sofe3980U.BinaryTest" time="0"/>
  <testcase name="OR2" classname="com.ontariotechu.sofe3980U.BinaryTest" time="0"/>
  <testcase name="OR3" classname="com.ontariotechu.sofe3980U.BinaryTest" time="0"/>
  <testcase name="add" classname="com.ontariotechu.sofe3980U.BinaryTest" time="0"/>
  <testcase name="AND1" classname="com.ontariotechu.sofe3980U.BinaryTest" time="0"/>
  <testcase name="AND2" classname="com.ontariotechu.sofe3980U.BinaryTest" time="0"/>
  <testcase name="AND3" classname="com.ontariotechu.sofe3980U.BinaryTest" time="0"/>
  <testcase name="add2" classname="com.ontariotechu.sofe3980U.BinaryTest" time="0"/>
  <testcase name="add3" classname="com.ontariotechu.sofe3980U.BinaryTest" time="0"/>
  <testcase name="add4" classname="com.ontariotechu.sofe3980U.BinaryTest" time="0"/>
  <testcase name="add5" classname="com.ontariotechu.sofe3980U.BinaryTest" time="0"/>
  <testcase name="constructorWithNegativeSign" classname="com.ontariotechu.sofe3980U.BinaryTest" time="0"/>
  <testcase name="constructorWithInvalidChars" classname="com.ontariotechu.sofe3980U.BinaryTest" time="0"/>
  <testcase name="constructorEmptyString" classname="com.ontariotechu.sofe3980U.BinaryTest" time="0"/>
  <testcase name="multiply" classname="com.ontariotechu.sofe3980U.BinaryTest" time="0"/>
  <testcase name="normalConstructor" classname="com.ontariotechu.sofe3980U.BinaryTest" time="0"/>
  <testcase name="constructorWithZeroTailing" classname="com.ontariotechu.sofe3980U.BinaryTest" time="0"/>
</testsuite>